<?xml version="1.0" encoding="UTF-8"?>
<testsuite xmlns:xsi="http://www.w3.org/2001/XMLSchema-instance" xsi:noNamespaceSchemaLocation="https://maven.apache.org/surefire/maven-surefire-plugin/xsd/surefire-test-report-3.0.xsd" version="3.0" name="com.example.inventorymngt.inventoryManagementSystem.ImsInventoryIntegrationTest" time="12.617" tests="1" errors="0" skipped="0" failures="0">
  <properties>
[...]
</properties>
  <testcase name="adjustStock_ConcurrentInventoryUpdates" classname="com.example.inventorymngt.inventoryManagementSystem.ImsInventoryIntegrationTest" time="1.416">
    <system-out><![CDATA[13:08:03.360 [main] INFO org.springframework.test.context.support.AnnotationConfigContextLoaderUtils -- Could not detect default configuration classes for test class [com.example.inventorymngt.inventoryManagementSystem.ImsInventoryIntegrationTest]: ImsInventoryIntegrationTest does not declare any static, non-private, non-final, nested classes annotated with @Configuration.
13:08:03.653 [main] INFO org.springframework.boot.test.context.SpringBootTestContextBootstrapper -- Found @SpringBootConfiguration com.example.inventorymngt.BackendApplication for test class com.example.inventorymngt.inventoryManagementSystem.ImsInventoryIntegrationTest

  .   ____          _            __ _ _
 /\\ / ___'_ __ _ _(_)_ __  __ _ \ \ \ \
( ( )\___ | '_ | '_| | '_ \/ _` | \ \ \ \
 \\/  ___)| |_)| | | | | || (_| |  ) ) ) )
  '  |____| .__|_| |_|_| |_\__, | / / / /
 =========|_|==============|___/=/_/_/_/

 :: Spring Boot ::                (v3.3.2)

2026-07-23T13:08:04.613-04:00  INFO 29600 --- [           main] c.e.i.i.ImsInventoryIntegrationTest      : Starting ImsInventoryIntegrationTest using Java 21.0.6 with PID 29600 (started by adhin in C:\Users\adhin\OneDrive\Desktop\candidate-project-fullstack\candidate-project\backend)
2026-07-23T13:08:04.620-04:00  INFO 29600 --- [           main] c.e.i.i.ImsInventoryIntegrationTest      : The following 1 profile is active: "test"
2026-07-23T13:08:06.497-04:00  INFO 29600 --- [           main] .s.d.r.c.RepositoryConfigurationDelegate : Bootstrapping Spring Data JPA repositories in DEFAULT mode.
2026-07-23T13:08:06.661-04:00  INFO 29600 --- [           main] .s.d.r.c.RepositoryConfigurationDelegate : Finished Spring Data repository scanning in 144 ms. Found 2 JPA repository interfaces.
2026-07-23T13:08:07.903-04:00  INFO 29600 --- [           main] o.hibernate.jpa.internal.util.LogHelper  : HHH000204: Processing PersistenceUnitInfo [name: default]
2026-07-23T13:08:08.009-04:00  INFO 29600 --- [           main] org.hibernate.Version                    : HHH000412: Hibernate ORM core version 6.5.2.Final
2026-07-23T13:08:08.060-04:00  INFO 29600 --- [           main] o.h.c.internal.RegionFactoryInitiator    : HHH000026: Second-level cache disabled
2026-07-23T13:08:08.822-04:00  INFO 29600 --- [           main] o.s.o.j.p.SpringPersistenceUnitInfo      : No LoadTimeWeaver setup: ignoring JPA class transformer
2026-07-23T13:08:08.879-04:00  INFO 29600 --- [           main] com.zaxxer.hikari.HikariDataSource       : HikariPool-1 - Starting...
2026-07-23T13:08:09.122-04:00  INFO 29600 --- [           main] com.zaxxer.hikari.pool.HikariPool        : HikariPool-1 - Added connection conn0: url=jdbc:h2:mem:testdb user=SA
2026-07-23T13:08:09.126-04:00  INFO 29600 --- [           main] com.zaxxer.hikari.HikariDataSource       : HikariPool-1 - Start completed.
2026-07-23T13:08:09.165-04:00  WARN 29600 --- [           main] org.hibernate.orm.deprecation            : HHH90000025: H2Dialect does not need to be specified explicitly using 'hibernate.dialect' (remove the property setting and it will be selected by default)
2026-07-23T13:08:10.622-04:00  INFO 29600 --- [           main] o.h.e.t.j.p.i.JtaPlatformInitiator       : HHH000489: No JTA platform available (set 'hibernate.transaction.jta.platform' to enable JTA platform integration)
Hibernate: drop table if exists orders cascade 
Hibernate: drop table if exists products cascade 
Hibernate: create table orders (quantity integer not null, total_amount numeric(10,2) not null, unit_price numeric(7,2) not null, user_id integer not null, created_at timestamp(6) not null, id bigint generated by default as identity, product_id bigint, historical_name varchar(255) not null, status enum ('CANCELLED','CREATED') not null, primary key (id))
Hibernate: create table products (is_deleted boolean not null, price numeric(7,2) not null, stock integer not null, created_at timestamp(6) not null, id bigint generated by default as identity, updated_at timestamp(6), description varchar(2000), name varchar(255) not null, category enum ('BOOKS','CLOTHING','ELECTRONICS','HOME_GARDEN','OTHER','SPORTS') not null, primary key (id))
Hibernate: create index idx_products_is_deleted_cat on products (is_deleted, category)
Hibernate: alter table if exists orders add constraint FKkp5k52qtiygd8jkag4hayd0qg foreign key (product_id) references products
2026-07-23T13:08:10.704-04:00  INFO 29600 --- [           main] j.LocalContainerEntityManagerFactoryBean : Initialized JPA EntityManagerFactory for persistence unit 'default'
2026-07-23T13:08:11.565-04:00  INFO 29600 --- [           main] o.s.d.j.r.query.QueryEnhancerFactory     : Hibernate is in classpath; If applicable, HQL parser will be used.
2026-07-23T13:08:13.149-04:00  WARN 29600 --- [           main] JpaBaseConfiguration$JpaWebConfiguration : spring.jpa.open-in-view is enabled by default. Therefore, database queries may be performed during view rendering. Explicitly configure spring.jpa.open-in-view to disable this warning
2026-07-23T13:08:14.159-04:00  INFO 29600 --- [           main] c.e.i.i.ImsInventoryIntegrationTest      : Started ImsInventoryIntegrationTest in 10.149 seconds (process running for 12.493)
Hibernate: select p1_0.id,p1_0.category,p1_0.created_at,p1_0.description,p1_0.is_deleted,p1_0.name,p1_0.price,p1_0.stock,p1_0.updated_at from products p1_0 where (p1_0.is_deleted = false)
Hibernate: insert into products (category,created_at,description,is_deleted,name,price,stock,updated_at,id) values (?,?,?,?,?,?,?,?,default)
2026-07-23T13:08:15.307-04:00  INFO 29600 --- [pool-2-thread-4] c.e.i.i.service.ImsProductService        : [IMS] Adjusting inventory balance for Product ID: 1 | Delta: 50
2026-07-23T13:08:15.307-04:00  INFO 29600 --- [pool-2-thread-3] c.e.i.i.service.ImsProductService        : [IMS] Adjusting inventory balance for Product ID: 1 | Delta: 50
2026-07-23T13:08:15.307-04:00  INFO 29600 --- [pool-2-thread-8] c.e.i.i.service.ImsProductService        : [IMS] Adjusting inventory balance for Product ID: 1 | Delta: 50
2026-07-23T13:08:15.307-04:00  INFO 29600 --- [pool-2-thread-7] c.e.i.i.service.ImsProductService        : [IMS] Adjusting inventory balance for Product ID: 1 | Delta: 50
2026-07-23T13:08:15.306-04:00  INFO 29600 --- [ool-2-thread-10] c.e.i.i.service.ImsProductService        : [IMS] Adjusting inventory balance for Product ID: 1 | Delta: 50
2026-07-23T13:08:15.307-04:00  INFO 29600 --- [pool-2-thread-2] c.e.i.i.service.ImsProductService        : [IMS] Adjusting inventory balance for Product ID: 1 | Delta: 50
2026-07-23T13:08:15.307-04:00  INFO 29600 --- [pool-2-thread-6] c.e.i.i.service.ImsProductService        : [IMS] Adjusting inventory balance for Product ID: 1 | Delta: 50
2026-07-23T13:08:15.306-04:00  INFO 29600 --- [pool-2-thread-1] c.e.i.i.service.ImsProductService        : [IMS] Adjusting inventory balance for Product ID: 1 | Delta: 50
2026-07-23T13:08:15.308-04:00  INFO 29600 --- [pool-2-thread-9] c.e.i.i.service.ImsProductService        : [IMS] Adjusting inventory balance for Product ID: 1 | Delta: 50
2026-07-23T13:08:15.308-04:00  INFO 29600 --- [pool-2-thread-5] c.e.i.i.service.ImsProductService        : [IMS] Adjusting inventory balance for Product ID: 1 | Delta: 50
Hibernate: select p1_0.id,p1_0.category,p1_0.created_at,p1_0.description,p1_0.is_deleted,p1_0.name,p1_0.price,p1_0.stock,p1_0.updated_at from products p1_0 where (p1_0.is_deleted = false) and p1_0.id=? and p1_0.is_deleted=false for update
Hibernate: select p1_0.id,p1_0.category,p1_0.created_at,p1_0.description,p1_0.is_deleted,p1_0.name,p1_0.price,p1_0.stock,p1_0.updated_at from products p1_0 where (p1_0.is_deleted = false) and p1_0.id=? and p1_0.is_deleted=false for update
Hibernate: select p1_0.id,p1_0.category,p1_0.created_at,p1_0.description,p1_0.is_deleted,p1_0.name,p1_0.price,p1_0.stock,p1_0.updated_at from products p1_0 where (p1_0.is_deleted = false) and p1_0.id=? and p1_0.is_deleted=false for update
Hibernate: select p1_0.id,p1_0.category,p1_0.created_at,p1_0.description,p1_0.is_deleted,p1_0.name,p1_0.price,p1_0.stock,p1_0.updated_at from products p1_0 where (p1_0.is_deleted = false) and p1_0.id=? and p1_0.is_deleted=false for update
Hibernate: select p1_0.id,p1_0.category,p1_0.created_at,p1_0.description,p1_0.is_deleted,p1_0.name,p1_0.price,p1_0.stock,p1_0.updated_at from products p1_0 where (p1_0.is_deleted = false) and p1_0.id=? and p1_0.is_deleted=false for update
Hibernate: select p1_0.id,p1_0.category,p1_0.created_at,p1_0.description,p1_0.is_deleted,p1_0.name,p1_0.price,p1_0.stock,p1_0.updated_at from products p1_0 where (p1_0.is_deleted = false) and p1_0.id=? and p1_0.is_deleted=false for update
Hibernate: select p1_0.id,p1_0.category,p1_0.created_at,p1_0.description,p1_0.is_deleted,p1_0.name,p1_0.price,p1_0.stock,p1_0.updated_at from products p1_0 where (p1_0.is_deleted = false) and p1_0.id=? and p1_0.is_deleted=false for update
Hibernate: select p1_0.id,p1_0.category,p1_0.created_at,p1_0.description,p1_0.is_deleted,p1_0.name,p1_0.price,p1_0.stock,p1_0.updated_at from products p1_0 where (p1_0.is_deleted = false) and p1_0.id=? and p1_0.is_deleted=false for update
Hibernate: select p1_0.id,p1_0.category,p1_0.created_at,p1_0.description,p1_0.is_deleted,p1_0.name,p1_0.price,p1_0.stock,p1_0.updated_at from products p1_0 where (p1_0.is_deleted = false) and p1_0.id=? and p1_0.is_deleted=false for update
Hibernate: select p1_0.id,p1_0.category,p1_0.created_at,p1_0.description,p1_0.is_deleted,p1_0.name,p1_0.price,p1_0.stock,p1_0.updated_at from products p1_0 where (p1_0.is_deleted = false) and p1_0.id=? and p1_0.is_deleted=false for update
Hibernate: update products set category=?,description=?,is_deleted=?,name=?,price=?,stock=?,updated_at=? where id=?
Hibernate: update products set category=?,description=?,is_deleted=?,name=?,price=?,stock=?,updated_at=? where id=?
Hibernate: update products set category=?,description=?,is_deleted=?,name=?,price=?,stock=?,updated_at=? where id=?
Hibernate: update products set category=?,description=?,is_deleted=?,name=?,price=?,stock=?,updated_at=? where id=?
Hibernate: update products set category=?,description=?,is_deleted=?,name=?,price=?,stock=?,updated_at=? where id=?
Hibernate: update products set category=?,description=?,is_deleted=?,name=?,price=?,stock=?,updated_at=? where id=?
Hibernate: update products set category=?,description=?,is_deleted=?,name=?,price=?,stock=?,updated_at=? where id=?
Hibernate: update products set category=?,description=?,is_deleted=?,name=?,price=?,stock=?,updated_at=? where id=?
Hibernate: update products set category=?,description=?,is_deleted=?,name=?,price=?,stock=?,updated_at=? where id=?
Hibernate: update products set category=?,description=?,is_deleted=?,name=?,price=?,stock=?,updated_at=? where id=?
Hibernate: select p1_0.id,p1_0.category,p1_0.created_at,p1_0.description,p1_0.is_deleted,p1_0.name,p1_0.price,p1_0.stock,p1_0.updated_at from products p1_0 where p1_0.id=? and (p1_0.is_deleted = false)
]]></system-out>
    <system-err><![CDATA[WARNING: A Java agent has been loaded dynamically (C:\Users\adhin\.m2\repository\net\bytebuddy\byte-buddy-agent\1.14.18\byte-buddy-agent-1.14.18.jar)
WARNING: If a serviceability tool is in use, please run with -XX:+EnableDynamicAgentLoading to hide this warning
WARNING: If a serviceability tool is not in use, please run with -Djdk.instrument.traceUsage for more information
WARNING: Dynamic loading of agents will be disallowed by default in a future release
]]></system-err>
  </testcase>
</testsuite>